This is XeTeX, Version 3.1415926-2.3-0.9997.5 (MiKTeX 2.9) (preloaded format=xelatex 2019.3.5)  18 DEC 2019 08:25
entering extended mode
**sample-sigconf.tex
(D:\个人资料O(∩_∩)O\研三\软件缺陷预测\doc\sample-sigconf.tex
LaTeX2e <2011/06/27>
Babel <v3.8m> and hyphenation patterns for loaded.

! LaTeX Error: File `acmart.cls' not found.

Type X to quit or <RETURN> to proceed,
or enter new name. (Default extension: cls)

Enter file name: 
! Emergency stop.
<read *> 
         
l.26 ^^M
        
*** (cannot \read from terminal in nonstop modes)

 
Here is how much of TeX's memory you used:
 10 strings out of 430478
 164 string characters out of 3191503
 44928 words of memory out of 3000000
 3238 multiletter control sequences out of 15000+200000
 3640 words of font info for 14 fonts, out of 3000000 for 9000
 14 hyphenation exceptions out of 8191
 10i,0n,7p,98b,8s stack positions out of 5000i,500n,10000p,200000b,50000s
No pages of output.
